<?xml version="1.0" encoding="UTF-8"?>
<!-- Generated by org.testng.reporters.JUnitReportReporter -->
<testsuite hostname="DESKTOP-RATHGTN" failures="0" tests="1" name="Academy.HomePageTest" time="0.121" errors="0" timestamp="19 Feb 2021 10:16:34 GMT">
  <testcase classname="Academy.HomePageTest" name="ThisisDemo" time="0.121"/>
</testsuite> <!-- Academy.HomePageTest -->
