<?xml version="1.0" encoding="UTF-8"?>
<!-- Generated by org.testng.reporters.JUnitReportReporter -->
<testsuite hostname="DESKTOP-RATHGTN" failures="0" tests="2" name="Academy.LoginTests" time="12.156" errors="0" timestamp="19 Feb 2021 10:16:34 GMT">
  <testcase classname="Academy.LoginTests" name="LoginValidCredentials" time="7.393"/>
  <testcase classname="Academy.LoginTests" name="LoginValidCredentials" time="4.763"/>
</testsuite> <!-- Academy.LoginTests -->
