<?xml version="1.0" encoding="UTF-8"?>
<!-- Generated by org.testng.reporters.JUnitReportReporter -->
<testsuite hostname="DESKTOP-RATHGTN" failures="0" tests="2" name="qaclickacademy.Seleniumtest" time="0.003" errors="0" timestamp="2021-01-27T10:58:14 CET" skipped="0">
  <testcase classname="qaclickacademy.Seleniumtest" name="BrowserAutomation" time="0.001"/>
  <system-out/>
  <testcase classname="qaclickacademy.Seleniumtest" name="elementsUI" time="0.002"/>
  <system-out/>
</testsuite> <!-- qaclickacademy.Seleniumtest -->
