<?xml version="1.0" encoding="UTF-8"?>
<!-- Generated by org.testng.reporters.JUnitReportReporter -->
<testsuite hostname="DESKTOP-RATHGTN" failures="0" tests="1" name="Academy.LoginTest" time="9.882" errors="0" timestamp="17 Feb 2021 13:33:52 GMT">
  <testcase classname="Academy.LoginTest" name="LoginValidCredentials" time="9.882"/>
</testsuite> <!-- Academy.LoginTest -->
