<?xml version="1.0" encoding="UTF-8"?>
<!-- Generated by org.testng.reporters.JUnitReportReporter -->
<testsuite hostname="DESKTOP-RATHGTN" failures="0" tests="1" name="Academy.HomePageTest" time="0.078" errors="0" timestamp="19 Feb 2021 09:33:42 GMT">
  <testcase classname="Academy.HomePageTest" name="ThisisDemo" time="0.078"/>
</testsuite> <!-- Academy.HomePageTest -->
