<?xml version="1.0" encoding="UTF-8"?>
<!-- Generated by org.testng.reporters.JUnitReportReporter -->
<testsuite hostname="DESKTOP-RATHGTN" failures="0" tests="2" name="qaclickacademy.RestAPITest" time="0.000" errors="0" timestamp="2021-01-27T12:39:47 CET" skipped="0">
  <testcase classname="qaclickacademy.RestAPITest" name="deleteTwitter" time="0.000"/>
  <system-out/>
  <testcase classname="qaclickacademy.RestAPITest" name="postJira" time="0.000"/>
  <system-out/>
</testsuite> <!-- qaclickacademy.RestAPITest -->
