<?xml version="1.0" encoding="UTF-8"?>
<!-- Generated by org.testng.reporters.JUnitReportReporter -->
<testsuite hostname="DESKTOP-RATHGTN" failures="0" tests="2" name="qaclickacademy.AppiumTest" time="0.008" errors="0" timestamp="2021-01-27T12:38:41 CET" skipped="0">
  <testcase classname="qaclickacademy.AppiumTest" name="IOSApps" time="0.008"/>
  <system-out/>
  <testcase classname="qaclickacademy.AppiumTest" name="NativeAppAndroid" time="0.000"/>
  <system-out/>
</testsuite> <!-- qaclickacademy.AppiumTest -->
