<?xml version="1.0" encoding="UTF-8"?>
<!-- Generated by org.testng.reporters.JUnitReportReporter -->
<testsuite hostname="DESKTOP-RATHGTN" failures="0" tests="2" name="qaclickacademy.senTest" time="0.001" errors="0" timestamp="2021-01-27T11:13:07 CET" skipped="0">
  <testcase classname="qaclickacademy.senTest" name="elementsUI" time="0.001"/>
  <system-out/>
  <testcase classname="qaclickacademy.senTest" name="browserAutomation" time="0.000"/>
  <system-out/>
</testsuite> <!-- qaclickacademy.senTest -->
