<?xml version="1.0" encoding="UTF-8"?>
<!-- Generated by org.testng.reporters.JUnitReportReporter -->
<testsuite hostname="DESKTOP-RATHGTN" failures="0" tests="1" name="qaclickacademy.Testexecution" time="0.001" errors="0" timestamp="2021-01-27T11:12:11 CET" skipped="0">
  <testcase classname="qaclickacademy.Testexecution" name="postJira" time="0.001"/>
  <system-out/>
</testsuite> <!-- qaclickacademy.Testexecution -->
