<?xml version="1.0" encoding="UTF-8"?>
<!-- Generated by org.testng.reporters.JUnitReportReporter -->
<testsuite hostname="DESKTOP-RATHGTN" failures="0" tests="2" name="qaclickacademy.SeleniumTest" time="0.005" errors="0" timestamp="2021-01-27T12:39:47 CET" skipped="0">
  <testcase classname="qaclickacademy.SeleniumTest" name="elementsUI" time="0.001"/>
  <system-out/>
  <testcase classname="qaclickacademy.SeleniumTest" name="browserAutomation" time="0.004"/>
  <system-out/>
</testsuite> <!-- qaclickacademy.SeleniumTest -->
