<?xml version="1.0" encoding="UTF-8"?>
<!-- Generated by org.testng.reporters.JUnitReportReporter -->
<testsuite hostname="DESKTOP-RATHGTN" failures="0" tests="3" name="test.day4" time="0.021" errors="0" timestamp="2021-01-26T12:59:46 CET" skipped="0">
  <testcase classname="test.day4" name="LoginWebCarLoan" time="0.005"/>
  <system-out/>
  <testcase classname="test.day4" name="LoginAPICarLoan2" time="0.012"/>
  <system-out/>
  <testcase classname="test.day4" name="LoginMobCarLoan1" time="0.004"/>
  <system-out/>
</testsuite> <!-- test.day4 -->
