<?xml version="1.0" encoding="UTF-8"?>
<!-- Generated by org.testng.reporters.JUnitReportReporter -->
<testsuite hostname="DESKTOP-RATHGTN" failures="0" tests="1" name="rahulshettyacademy.ExtentReports.ExtentReportDemo" time="7.599" errors="0" timestamp="2021-02-02T09:36:01 CET" skipped="0">
  <testcase classname="rahulshettyacademy.ExtentReports.ExtentReportDemo" name="initialDemo" time="7.599"/>
  <system-out/>
</testsuite> <!-- rahulshettyacademy.ExtentReports.ExtentReportDemo -->
